[2017-11-13T03:25:01-05:00] INFO: *** Chef 12.17.44 ***
[2017-11-13T03:25:01-05:00] INFO: Platform: x86_64-linux
[2017-11-13T03:25:01-05:00] INFO: Chef-client pid: 3144
[2017-11-13T03:25:04-05:00] INFO: Run List is [["recipe[poise-hoist::default]", "recipe[poise-derived::default]", "recipe[system-base::default]", "recipe[guts::default]", "recipe[ohai-plugins::default]", "recipe[janus-client::default]", "recipe[blp-chef-workstation::default]"]]
[2017-11-13T03:25:04-05:00] INFO: Run List expands to [poise-hoist::default@1.2.1 (81aa3c8), poise-derived::default@1.0.0 (02dad4a), system-base::default@3.4.0 (8d9b771), guts::default@1.3.3 (1aaaaee), ohai-plugins::default@1.13.1 (49848e3), janus-client::default@0.0.3 (1cc1c8a), blp-chef-workstation::default@2.4.3 (9d7e5d3)]
[2017-11-13T03:25:04-05:00] INFO: Starting Chef Run for ip-1-71-67-31.drr1.bcpc.bloomberg.com
[2017-11-13T03:25:04-05:00] INFO: Running start handlers
[2017-11-13T03:25:04-05:00] INFO: Start handlers complete.
[2017-11-13T03:25:04-05:00] INFO: HTTP Request Returned 404 Not Found:
[2017-11-13T03:25:04-05:00] INFO: HTTP Request Returned 404 Not Found:
[2017-11-13T03:25:04-05:00] INFO: Error while reporting run start to Data Collector. URL: https://chef.ny.cas.inf.bloomberg.com/organizations/chef/data-collector Exception: 404 -- 404 "Not Found"  (This is normal if you do not have Chef Automate)
[2017-11-13T03:25:10-05:00] INFO: Loading cookbooks [collectdwin@0.2.19, poise-hoist@1.2.1, poise-derived@1.0.0, system-base@3.4.0, guts@1.3.3, ohai-plugins@1.13.1, janus-client@0.0.3, blp-chef-workstation@2.4.3, poise@2.8.1, poise-service@1.5.2, blp-sauce@2.3.0, aggrocrag@1.3.14, orion@1.3.3, tracifer@1.6.2, chef-sugar@3.4.0, collectd@2.2.4, collectd_plugins@2.1.3, logchipper@2.3.11, logrotate@2.2.0, poise-monit@1.6.0, poise-service-aix@1.1.4, poise-service-solaris@0.2.0, sudo@2.11.0, nrpe@0.2.5, rc@1.6.4, aix@1.2.1, poise-languages@2.1.1, versioned-archive@1.0.0, poise-archive@1.5.0, line@0.6.3, apt@2.9.2, build-essential@7.0.3, chef-client@4.6.0, chef-dk@3.1.0, chrome@1.2.2, chruby_install@0.1.1, emacs@0.10.0, etc_environment@1.0.1, gemrc@1.1.1, git@4.6.0, firefox@4.0.0, hashicorp-vault@2.5.0, java-service@2.2.3, ntp@1.11.1, redhat@0.1.0, resolver@1.3.0, selinux@0.9.0, terraform@1.0.1, tmux@1.5.0, ubuntu@1.2.1, vagrant@0.7.1, vim@2.0.2, virtualbox@1.0.3, poise-python@1.6.0, yum@3.13.0, yum-amazon@2.0.2, yum-epel@0.7.1, yum-centos@0.4.13, java@1.50.0, libarchive@0.7.1, dmg@2.4.0, windows@1.44.3, apache2@5.0.1, compat_resource@12.19.0, golang@1.7.0, rubyzip@1.3.1, ark@2.2.1, seven_zip@2.0.2, mingw@2.0.1, chef-vault@2.1.1, homebrew@4.2.0, chef_handler@2.1.2, cron@4.1.3, chef-sentry-handler@2.0.0, hostsfile@3.0.1, system-security@1.4.11, ssh_authorized_keys@0.4.0, openssh@2.6.0, iptables@4.2.1, ohai@4.2.3]
[2017-11-13T03:25:13-05:00] WARN: method access to node attributes (node.foo.bar) is deprecated and will be removed in Chef 13, please use bracket syntax (node["foo"]["bar"]) (CHEF-4)/var/chef/cache/cookbooks/chruby_install/attributes/default.rb:19:in `from_file'.
Please see https://docs.chef.io/deprecations_attributes.html for further details and information on how to correct this problem. at /opt/chef/embedded/lib/ruby/gems/2.3.0/gems/chef-12.17.44/lib/chef/event_dispatch/dispatcher.rb:43:in `call'
[2017-11-13T03:25:13-05:00] WARN: Chef::Provider::AptRepository already exists!  Cannot create deprecation class for LWRP provider apt_repository from cookbook apt
[2017-11-13T03:25:13-05:00] WARN: AptRepository already exists!  Deprecation class overwrites Custom resource apt_repository from cookbook apt
[2017-11-13T03:25:13-05:00] WARN: Chef::Provider::YumRepository already exists!  Cannot create deprecation class for LWRP provider yum_repository from cookbook yum
[2017-11-13T03:25:13-05:00] WARN: YumRepository already exists!  Deprecation class overwrites Custom resource yum_repository from cookbook yum
[2017-11-13T03:25:15-05:00] INFO: Processing gemrc_file[/opt/chef/embedded/etc/gemrc] action create (gemrc::default line 15)
[2017-11-13T03:25:15-05:00] INFO: Processing directory[/opt/chef/embedded/etc] action create (/var/chef/cache/cookbooks/gemrc/libraries/gemrc_file.rb line 38)
[2017-11-13T03:25:15-05:00] INFO: Processing file[/opt/chef/embedded/etc/gemrc] action create (/var/chef/cache/cookbooks/gemrc/libraries/gemrc_file.rb line 40)
[2017-11-13T03:25:15-05:00] INFO: Processing chef_gem[chef-sugar] action install (chef-sugar::default line 23)
[2017-11-13T03:25:15-05:00] INFO: Processing chef_gem[chef-vault] action install (chef-vault::default line 22)
[2017-11-13T03:25:15-05:00] INFO: Processing ohai_plugin[node_ips] action create (ohai-plugins::default line 54)
[2017-11-13T03:25:15-05:00] WARN: The Ohai plugin_path does not include /etc/chef/ohai/plugins. Ohai will reload on each chef-client run in order to add this directory to the path unless you modify your client.rb configuration to add this directory to plugin_path. The plugin_path can be set via the chef-client::config recipe. See 'Ohai Settings' at https://docs.chef.io/config_rb_client.html#ohai-settings for more details.
[2017-11-13T03:25:15-05:00] WARN: Adding /etc/chef/ohai/plugins to the Ohai plugin path for this chef-client run only
[2017-11-13T03:25:15-05:00] INFO: Processing directory[/etc/chef/ohai/plugins] action create (/var/chef/cache/cookbooks/ohai/resources/plugin.rb line 80)
[2017-11-13T03:25:15-05:00] INFO: Processing cookbook_file[/etc/chef/ohai/plugins/node_ips.rb] action create (/var/chef/cache/cookbooks/ohai/resources/plugin.rb line 87)
[2017-11-13T03:25:15-05:00] INFO: Processing ohai[node_ips] action reload (/var/chef/cache/cookbooks/ohai/resources/plugin.rb line 110)
[2017-11-13T03:25:18-05:00] WARN: Service returned 404 for server lookup: {"error-message":"Could not find machine."}
[2017-11-13T03:25:18-05:00] WARN: RHST service could not find machine: ip-1-71-67-31
[2017-11-13T03:25:18-05:00] WARN: no bbcpulist data present
[2017-11-13T03:25:18-05:00] WARN: This platform: redhat is not supported.
[2017-11-13T03:25:19-05:00] WARN: This machine does not have bbdpkg installed so the bbdpkg attribute will be empty.
[2017-11-13T03:25:19-05:00] INFO: ohai[node_ips] reloaded
[2017-11-13T03:25:19-05:00] INFO: Processing ohai_plugin[bb] action create (ohai-plugins::default line 55)
[2017-11-13T03:25:19-05:00] INFO: Processing directory[/etc/chef/ohai/plugins] action create (/var/chef/cache/cookbooks/ohai/resources/plugin.rb line 80)
[2017-11-13T03:25:19-05:00] INFO: Processing cookbook_file[/etc/chef/ohai/plugins/bb.rb] action create (/var/chef/cache/cookbooks/ohai/resources/plugin.rb line 87)
[2017-11-13T03:25:19-05:00] INFO: Processing ohai[bb] action nothing (/var/chef/cache/cookbooks/ohai/resources/plugin.rb line 110)
[2017-11-13T03:25:19-05:00] INFO: Processing ohai_plugin[bbsystem] action create (ohai-plugins::default line 56)
[2017-11-13T03:25:19-05:00] INFO: Processing directory[/etc/chef/ohai/plugins] action create (/var/chef/cache/cookbooks/ohai/resources/plugin.rb line 80)
[2017-11-13T03:25:19-05:00] INFO: Processing cookbook_file[/etc/chef/ohai/plugins/bbsystem.rb] action create (/var/chef/cache/cookbooks/ohai/resources/plugin.rb line 87)
[2017-11-13T03:25:19-05:00] INFO: Processing ohai[bbsystem] action nothing (/var/chef/cache/cookbooks/ohai/resources/plugin.rb line 110)
[2017-11-13T03:25:19-05:00] INFO: Processing ohai_plugin[bbtimezone] action create (ohai-plugins::default line 57)
[2017-11-13T03:25:19-05:00] INFO: Processing directory[/etc/chef/ohai/plugins] action create (/var/chef/cache/cookbooks/ohai/resources/plugin.rb line 80)
[2017-11-13T03:25:19-05:00] INFO: Processing cookbook_file[/etc/chef/ohai/plugins/bbtimezone.rb] action create (/var/chef/cache/cookbooks/ohai/resources/plugin.rb line 87)
[2017-11-13T03:25:19-05:00] INFO: Processing ohai[bbtimezone] action nothing (/var/chef/cache/cookbooks/ohai/resources/plugin.rb line 110)
[2017-11-13T03:25:19-05:00] INFO: Processing ohai_plugin[openstack_extended] action create (ohai-plugins::default line 58)
